HikariPool-1 - Thread starvation or clock leap detected (housekeeper delta=15h46m7s450ms255?s200ns).
caseDetailVOS:[DetailVO{id=82, url='https://api2.mywhfz.com/pms-api/topic/c-topic/detail?topic_id=8d1b82a3724a46dd8ae802ac04357609&mode=VIEW	', path='null', header='{"Access-Token": "${token}","Connection": "keep-alive","App-Identifier": "3f95b1c86e394d92b09f50d13fe39a13","content-type": "application/json; charset=UTF-8","Accept-Encoding": "gzip, deflate, br","X-Requested-With": "XMLHttpRequest","Msg-Id": "mp-66EEC750A6E6FA27"}', method='GET', data='null', assertions='{"20000te":"$.code1","20000":"$.code1"}', extract='', description='null', groupId='1', sort=null, deleteFlag=1, recordDate=1000-01-01, createdAt=2021-03-11T00:54:40.991, createdBy='system', updatedAt=2021-03-11T01:30:43.483, updatedBy=''}, DetailVO{id=83, url='https://api2.mywhfz.com/pms-api/topic/c-booking/owner-topic-bookings?keyword=&goods_sku_ids=&page=1&limit=10&remark=0&pickup_site_id=&topic_id=8d1b82a3724a46dd8ae802ac04357609', path='null', header='{"Access-Token": "${token}","Connection": "keep-alive","App-Identifier": "3f95b1c86e394d92b09f50d13fe39a13","content-type": "application/json; charset=UTF-8","Accept-Encoding": "gzip, deflate, br","X-Requested-With": "XMLHttpRequest","Msg-Id": "mp-66EEC750A6E6FA27"}', method='GET', data='null', assertions='', extract='{"booking_id":"data[0].booking_id"}', description='null', groupId='null', sort=null, deleteFlag=1, recordDate=1000-01-01, createdAt=2021-03-11T01:53:32.872, createdBy='system', updatedAt=2021-03-11T02:09:42.840, updatedBy=''}, DetailVO{id=84, url='https://api2.mywhfz.com/pms-api/topic/c-booking/get-booking-detail?booking_id=${booking_id}', path='null', header='{"Access-Token": "${token}","Connection": "keep-alive","App-Identifier": "3f95b1c86e394d92b09f50d13fe39a13","content-type": "application/json; charset=UTF-8","Accept-Encoding": "gzip, deflate, br","X-Requested-With": "XMLHttpRequest","Msg-Id": "mp-66EEC750A6E6FA27"}', method='GET', data='null', assertions='', extract='null', description='null', groupId='null', sort=null, deleteFlag=1, recordDate=1000-01-01, createdAt=2021-03-11T01:54:34.813, createdBy='system', updatedAt=2021-03-11T02:09:39.728, updatedBy=''}]
执行结果:CaseResultVO(id=null, caseGroupId=null, caseId=84, url=https://api2.mywhfz.com/pms-api/topic/c-booking/get-booking-detail?booking_id=${booking_id}, path=null, header=Access-Token: 3gF6nzax_R8qAouEjHWf0NORQvzE84cg
X-Requested-With: XMLHttpRequest
Connection: keep-alive
content-type: application/json; charset=UTF-8
Accept-Encoding: gzip, deflate, br
App-Identifier: 3f95b1c86e394d92b09f50d13fe39a13
Msg-Id: mp-66EEC750A6E6FA27
, method=GET, data=null, responseResult={
    "name": "PHP Notice",
    "message": "Trying to get property of non-object",
    "code": 8,
    "type": "yii\\base\\ErrorException",
    "file": "/srv/pms-topic/src/backend/modules/topic/services/BookingService.php",
    "line": 1568,
    "stack-trace": [
        "#0 /srv/pms-topic/src/backend/modules/topic/services/BookingService.php(1568): yii\\base\\ErrorHandler->handleError(8, 'Trying to get p...', '/srv/pms-topic/...', 1568, Array)",
        "#1 /srv/pms-topic/src/backend/modules/topic/controllers/CBookingController.php(201): backend\\modules\\topic\\services\\BookingService->getBookingDetail('${booking_id}', '1cbcc5c5a12a409...')",
        "#2 [internal function]: backend\\modules\\topic\\controllers\\CBookingController->actionGetBookingDetail()",
        "#3 /srv/pms-topic/src/vendor/yiisoft/yii2/base/InlineAction.php(57): call_user_func_array(Array, Array)",
        "#4 /srv/pms-topic/src/vendor/yiisoft/yii2/base/Controller.php(157): yii\\base\\InlineAction->runWithParams(Array)",
        "#5 /srv/pms-topic/src/vendor/yiisoft/yii2/base/Module.php(528): yii\\base\\Controller->runAction('get-booking-det...', Array)",
        "#6 /srv/pms-topic/src/vendor/yiisoft/yii2/web/Application.php(103): yii\\base\\Module->runAction('topic/c-booking...', Array)",
        "#7 /srv/pms-topic/src/vendor/yiisoft/yii2/base/Application.php(386): yii\\web\\Application->handleRequest(Object(yii\\web\\Request))",
        "#8 /srv/pms-topic/src/backend/web/index.php(19): yii\\base\\Application->run()",
        "#9 {main}"
    ]
}, assertResult=null, extractResult=null, userDefineParameters=null, deleteFlag=null, recordDate=null, createdAt=null, createdBy=null, updatedAt=null, updatedBy=null, HttpStatusCode=500)
{token=3gF6nzax_R8qAouEjHWf0NORQvzE84cg}
执行结果:[CaseResultVO(id=null, caseGroupId=1, caseId=82, url=https://api2.mywhfz.com/pms-api/topic/c-topic/detail?topic_id=8d1b82a3724a46dd8ae802ac04357609&mode=VIEW, path=null, header=Access-Token: 3gF6nzax_R8qAouEjHWf0NORQvzE84cg
X-Requested-With: XMLHttpRequest
Connection: keep-alive
content-type: application/json; charset=UTF-8
Accept-Encoding: gzip, deflate, br
App-Identifier: 3f95b1c86e394d92b09f50d13fe39a13
Msg-Id: mp-66EEC750A6E6FA27
, method=GET, data=null, responseResult={
    "code": 20000,
    "message": "success",
    "data": {
        "topic_id": "8d1b82a3724a46dd8ae802ac04357609",
        "author_id": "b921d7a29efea1f4cc2fead25a5b9a26",
        "author_name": "yi",
        "author_head_url": "https://imgcdn.mywhfz.com/avatars/1cbcc5c5a12a4098b81bc28e9af102de/b1b7417b220c0431f10ca0e8d735014f",
        "author_phone": "15679483383",
        "cover": "https://staticcdn.mywhfz.com/s/image/766BF82A136C6FF9.jpg",
        "watermark_cover": "https://staticcdn.mywhfz.com/ms_tool/watermark/16139635036263b2230b35fd94fde86a2db3e6fcd5c1c.jpg",
        "multi_watermark_cover": "{\"normal\":\"https:\\/\\/staticcdn.mywhfz.com\\/ms_tool\\/watermark\\/1613963502467beac0027f1c4491b86cb5ffbe831c06f.jpg\",\"red_packet\":\"https:\\/\\/staticcdn.mywhfz.com\\/ms_tool\\/watermark\\/1613963503018f5e0191444274d2caabf550d1b74da27.jpg\",\"marketing\":\"https:\\/\\/staticcdn.mywhfz.com\\/ms_tool\\/watermark\\/16139635032193a72f3d259db4eb3bbce862a4a9133fe.jpg\",\"copy_topic\":\"https:\\/\\/staticcdn.mywhfz.com\\/ms_tool\\/watermark\\/1613963503432ebd001217f3549448b336e9fb0727a1f.jpg\"}",
        "has_video": 0,
        "subject": "oms系统",
        "content": "",
        "resources": [],
        "start_at": "2021-02-05 14:25:00",
        "notice": 1,
        "expired_time": "2021-02-26 11:12:00",
        "price": 0,
        "need_pay": 1,
        "status": "OFFLINE",
        "review_status": "SUCCEEDED",
        "created_at": "2021-02-05 14:25:38",
        "updated_at": "2021-02-26 11:16:00",
        "view_number": 0,
        "booking_number": 2,
        "express_way": "EXPRESS_DELIVERY",
        "privacy": "OPEN",
        "additional_info": {
            "contact": 1,
            "phone": 1,
            "address": 1
        },
        "contact": 1,
        "phone": 1,
        "address": 1,
        "is_copy": 1,
        "is_copy_resource": 1,
        "minimum_price": 200,
        "maximum_price": 2000,
        "topic_type": "COMMON_TOPIC",
        "is_show": 1,
        "is_helpsale": 0,
        "helpsale_id": null,
        "helpsale_express_way": null,
        "helpsale_expired_time": null,
        "helpsale_lowest_trade_price": null,
        "helpsale_note": null,
        "helpsale_small_topic_count": null,
        "self_topic_id": null,
        "is_someone_helpsale": null,
        "lowest_trade_price": 10,
        "red_packet": "OPEN",
        "topic_from_id": "ec39b1fa03474f409a46fbc0cc7a5e3c",
        "has_anybody_booked": true,
        "bill_after_hours": null,
        "product_id": "1cbcc5c5a12a4098b81bc28e9af102de",
        "postage_template_id": "globalfree012345543210globalfree",
        "postage_template_sub_type": "GLOBAL_FREE",
        "postage_template_config_snap": "",
        "min_commission_rate": null,
        "max_commission_rate": null,
        "marketer_status": null,
        "isolated": null,
        "isolate_info": null,
        "can_operation": null,
        "marketer_role": null,
        "marketing_status": null,
        "identity_on": null,
        "sku_on": null,
        "identity": null,
        "share_pic": null
    }
}, assertResult=null, extractResult=null, userDefineParameters=null, deleteFlag=null, recordDate=null, createdAt=null, createdBy=null, updatedAt=null, updatedBy=null, HttpStatusCode=200), CaseResultVO(id=null, caseGroupId=null, caseId=83, url=https://api2.mywhfz.com/pms-api/topic/c-booking/owner-topic-bookings?keyword=&goods_sku_ids=&page=1&limit=10&remark=0&pickup_site_id=&topic_id=8d1b82a3724a46dd8ae802ac04357609, path=null, header=Access-Token: 3gF6nzax_R8qAouEjHWf0NORQvzE84cg
X-Requested-With: XMLHttpRequest
Connection: keep-alive
content-type: application/json; charset=UTF-8
Accept-Encoding: gzip, deflate, br
App-Identifier: 3f95b1c86e394d92b09f50d13fe39a13
Msg-Id: mp-66EEC750A6E6FA27
, method=GET, data=null, responseResult={
    "code": 20000,
    "message": "success",
    "data": [
        {
            "booking_id": "860d5c03efba4343b91bdf639584dda0",
            "resource_id": "8d1b82a3724a46dd8ae802ac04357609",
            "resource_type": "TOPIC",
            "resource_subject": "oms系统",
            "resource_cover": "https://staticcdn.mywhfz.com/s/image/766BF82A136C6FF9.jpg",
            "resource_watermark_cover": "https://staticcdn.mywhfz.com/ms_tool/watermark/1612506355011ab82b2eb66904a1a96e1dcbd0da4305c.jpg",
            "resource_red_packet_watermark_cover": "https://staticcdn.mywhfz.com/ms_tool/watermark/1612506345868f2bd0028815043c5a14469d39073fdcd.jpg",
            "owner_id": "b921d7a29efea1f4cc2fead25a5b9a26",
            "owner_name": null,
            "owner_head_url": null,
            "owner_phone": null,
            "booker_id": "b921d7a29efea1f4cc2fead25a5b9a26",
            "booker_name": "yi",
            "booker_anonymous_name": "****",
            "booker_head_url": "https://imgcdn.mywhfz.com/avatars/1cbcc5c5a12a4098b81bc28e9af102de/b1b7417b220c0431f10ca0e8d735014f",
            "booker_anonymous_head_url": "https://staticcdn.mywhfz.com/anonymous_avatars/31.png",
            "booker_phone": "15679483383",
            "skus_snap": [
                {
                    "goods_sku_id": "ea83f04792f44be093d653901197db13",
                    "goods_sku_name": "吗丁啉",
                    "count": 1,
                    "price": 0,
                    "cover": "https://staticcdn.mywhfz.com/s/image/766BF82A136C6FF9.jpg",
                    "specification": "",
                    "barcode": "692215600582",
                    "refunded_count": 0,
                    "refunded_price": 0,
                    "mark_price": 0
                },
                {
                    "goods_sku_id": "49a8193ed4fa4920b7f03528534dad3a",
                    "goods_sku_name": "测试纸",
                    "count": 1,
                    "price": 0,
                    "cover": "https://staticcdn.mywhfz.com/s/image/354D1A9ECCB69F1E.jpg",
                    "specification": "",
                    "barcode": "D6901236341582",
                    "refunded_count": 0,
                    "refunded_price": 0,
                    "mark_price": 0
                }
            ],
            "content": "",
            "name": "邱晶平",
            "address": "浙江省丽水市市辖区新上海市上海市杨浦区中化道达尔周家嘴路加油站(上海市杨浦区)",
            "user_address_id": "a534cd261b7948f792cbc5d103da8ba0",
            "pickup_site_id": "",
            "pickup_site_name": "",
            "pickup_site_phone": "",
            "pickup_site_contact": "",
            "pickup_site_address": "",
            "express_way": "EXPRESS_DELIVERY",
            "seller_note": "",
            "cancel_status": "",
            "cancel_record_date": "9999-01-01",
            "cancel_at": "9999-01-01 00:00:00",
            "refund_status": "",
            "refunded_amount": 0,
            "refunding_amount": 0,
            "count": 0,
            "sequence": 2,
            "orginal_price": 0,
            "price": 0,
            "red_packet": 0,
            "commission": 0,
            "service_charge": 0,
            "refunded_red_packet": 0,
            "refunded_commission": 0,
            "refunded_service_charge": 0,
            "refunded_postage": 0,
            "commission_status": null,
            "refunded_commission_status": null,
            "business_manager_id": "",
            "status": "SUCCEEDED",
            "reverse_status": "",
            "order_number": "APM20210205142906109593",
            "red_packet_group_id": "",
            "is_settlement": "0",
            "sync_from_order_service": 1,
            "payment_status": "SUCCEEDED",
            "pay_info": null,
            "booking_express": null,
            "booking_sku_items": null,
            "created_at": "2021-02-05 14:29:06",
            "topic_type": "COMMON_TOPIC",
            "postage": 0,
            "marketer_id": "b921d7a29efea1f4cc2fead25a5b9a26",
            "isolated": null,
            "isolate_info": null
        },
        {
            "booking_id": "ce87a2dfb03c4dcb9f83e84445a6fbaf",
            "resource_id": "8d1b82a3724a46dd8ae802ac04357609",
            "resource_type": "TOPIC",
            "resource_subject": "oms系统",
            "resource_cover": "https://staticcdn.mywhfz.com/s/image/766BF82A136C6FF9.jpg",
            "resource_watermark_cover": "https://staticcdn.mywhfz.com/ms_tool/watermark/16125063465000a288aaf38d74cbfaef459f588552b3b.jpg",
            "resource_red_packet_watermark_cover": "https://staticcdn.mywhfz.com/ms_tool/watermark/1612506345868f2bd0028815043c5a14469d39073fdcd.jpg",
            "owner_id": "b921d7a29efea1f4cc2fead25a5b9a26",
            "owner_name": null,
            "owner_head_url": null,
            "owner_phone": null,
            "booker_id": "b921d7a29efea1f4cc2fead25a5b9a26",
            "booker_name": "yi",
            "booker_anonymous_name": "****",
            "booker_head_url": "https://imgcdn.mywhfz.com/avatars/1cbcc5c5a12a4098b81bc28e9af102de/b1b7417b220c0431f10ca0e8d735014f",
            "booker_anonymous_head_url": "https://staticcdn.mywhfz.com/anonymous_avatars/31.png",
            "booker_phone": "15679483383",
            "skus_snap": [
                {
                    "goods_sku_id": "ea83f04792f44be093d653901197db13",
                    "goods_sku_name": "吗丁啉",
                    "count": 4,
                    "price": 0,
                    "cover": "https://staticcdn.mywhfz.com/s/image/766BF82A136C6FF9.jpg",
                    "specification": "",
                    "barcode": "692215600582",
                    "refunded_count": 0,
                    "refunded_price": 0,
                    "mark_price": 0
                }
            ],
            "content": "",
            "name": "邱晶平",
            "address": "浙江省丽水市市辖区上海市上海市杨浦区中化道达尔周家嘴路加油站(上海市杨浦区)",
            "user_address_id": "a534cd261b7948f792cbc5d103da8ba0",
            "pickup_site_id": "",
            "pickup_site_name": "",
            "pickup_site_phone": "",
            "pickup_site_contact": "",
            "pickup_site_address": "",
            "express_way": "EXPRESS_DELIVERY",
            "seller_note": "",
            "cancel_status": "",
            "cancel_record_date": "9999-01-01",
            "cancel_at": "9999-01-01 00:00:00",
            "refund_status": "",
            "refunded_amount": 0,
            "refunding_amount": 0,
            "count": 0,
            "sequence": 1,
            "orginal_price": 0,
            "price": 0,
            "red_packet": 0,
            "commission": 0,
            "service_charge": 0,
            "refunded_red_packet": 0,
            "refunded_commission": 0,
            "refunded_service_charge": 0,
            "refunded_postage": 0,
            "commission_status": null,
            "refunded_commission_status": null,
            "business_manager_id": "",
            "status": "SUCCEEDED",
            "reverse_status": "",
            "order_number": "APM20210205142554648782",
            "red_packet_group_id": "",
            "is_settlement": "0",
            "sync_from_order_service": 1,
            "payment_status": "SUCCEEDED",
            "pay_info": null,
            "booking_express": null,
            "booking_sku_items": null,
            "created_at": "2021-02-05 14:25:54",
            "topic_type": "COMMON_TOPIC",
            "postage": 0,
            "marketer_id": "b921d7a29efea1f4cc2fead25a5b9a26",
            "isolated": null,
            "isolate_info": null
        }
    ]
}, assertResult=null, extractResult=null, userDefineParameters=null, deleteFlag=null, recordDate=null, createdAt=null, createdBy=null, updatedAt=null, updatedBy=null, HttpStatusCode=200), CaseResultVO(id=null, caseGroupId=null, caseId=84, url=https://api2.mywhfz.com/pms-api/topic/c-booking/get-booking-detail?booking_id=${booking_id}, path=null, header=Access-Token: 3gF6nzax_R8qAouEjHWf0NORQvzE84cg
X-Requested-With: XMLHttpRequest
Connection: keep-alive
content-type: application/json; charset=UTF-8
Accept-Encoding: gzip, deflate, br
App-Identifier: 3f95b1c86e394d92b09f50d13fe39a13
Msg-Id: mp-66EEC750A6E6FA27
, method=GET, data=null, responseResult={
    "name": "PHP Notice",
    "message": "Trying to get property of non-object",
    "code": 8,
    "type": "yii\\base\\ErrorException",
    "file": "/srv/pms-topic/src/backend/modules/topic/services/BookingService.php",
    "line": 1568,
    "stack-trace": [
        "#0 /srv/pms-topic/src/backend/modules/topic/services/BookingService.php(1568): yii\\base\\ErrorHandler->handleError(8, 'Trying to get p...', '/srv/pms-topic/...', 1568, Array)",
        "#1 /srv/pms-topic/src/backend/modules/topic/controllers/CBookingController.php(201): backend\\modules\\topic\\services\\BookingService->getBookingDetail('${booking_id}', '1cbcc5c5a12a409...')",
        "#2 [internal function]: backend\\modules\\topic\\controllers\\CBookingController->actionGetBookingDetail()",
        "#3 /srv/pms-topic/src/vendor/yiisoft/yii2/base/InlineAction.php(57): call_user_func_array(Array, Array)",
        "#4 /srv/pms-topic/src/vendor/yiisoft/yii2/base/Controller.php(157): yii\\base\\InlineAction->runWithParams(Array)",
        "#5 /srv/pms-topic/src/vendor/yiisoft/yii2/base/Module.php(528): yii\\base\\Controller->runAction('get-booking-det...', Array)",
        "#6 /srv/pms-topic/src/vendor/yiisoft/yii2/web/Application.php(103): yii\\base\\Module->runAction('topic/c-booking...', Array)",
        "#7 /srv/pms-topic/src/vendor/yiisoft/yii2/base/Application.php(386): yii\\web\\Application->handleRequest(Object(yii\\web\\Request))",
        "#8 /srv/pms-topic/src/backend/web/index.php(19): yii\\base\\Application->run()",
        "#9 {main}"
    ]
}, assertResult=null, extractResult=null, userDefineParameters=null, deleteFlag=null, recordDate=null, createdAt=null, createdBy=null, updatedAt=null, updatedBy=null, HttpStatusCode=500)]
{
    "code": 20000,
    "message": "success",
    "data": {
        "topic_id": "8d1b82a3724a46dd8ae802ac04357609",
        "author_id": "b921d7a29efea1f4cc2fead25a5b9a26",
        "author_name": "yi",
        "author_head_url": "https://imgcdn.mywhfz.com/avatars/1cbcc5c5a12a4098b81bc28e9af102de/b1b7417b220c0431f10ca0e8d735014f",
        "author_phone": "15679483383",
        "cover": "https://staticcdn.mywhfz.com/s/image/766BF82A136C6FF9.jpg",
        "watermark_cover": "https://staticcdn.mywhfz.com/ms_tool/watermark/16139635036263b2230b35fd94fde86a2db3e6fcd5c1c.jpg",
        "multi_watermark_cover": "{\"normal\":\"https:\\/\\/staticcdn.mywhfz.com\\/ms_tool\\/watermark\\/1613963502467beac0027f1c4491b86cb5ffbe831c06f.jpg\",\"red_packet\":\"https:\\/\\/staticcdn.mywhfz.com\\/ms_tool\\/watermark\\/1613963503018f5e0191444274d2caabf550d1b74da27.jpg\",\"marketing\":\"https:\\/\\/staticcdn.mywhfz.com\\/ms_tool\\/watermark\\/16139635032193a72f3d259db4eb3bbce862a4a9133fe.jpg\",\"copy_topic\":\"https:\\/\\/staticcdn.mywhfz.com\\/ms_tool\\/watermark\\/1613963503432ebd001217f3549448b336e9fb0727a1f.jpg\"}",
        "has_video": 0,
        "subject": "oms系统",
        "content": "",
        "resources": [],
        "start_at": "2021-02-05 14:25:00",
        "notice": 1,
        "expired_time": "2021-02-26 11:12:00",
        "price": 0,
        "need_pay": 1,
        "status": "OFFLINE",
        "review_status": "SUCCEEDED",
        "created_at": "2021-02-05 14:25:38",
        "updated_at": "2021-02-26 11:16:00",
        "view_number": 0,
        "booking_number": 2,
        "express_way": "EXPRESS_DELIVERY",
        "privacy": "OPEN",
        "additional_info": {
            "contact": 1,
            "phone": 1,
            "address": 1
        },
        "contact": 1,
        "phone": 1,
        "address": 1,
        "is_copy": 1,
        "is_copy_resource": 1,
        "minimum_price": 200,
        "maximum_price": 2000,
        "topic_type": "COMMON_TOPIC",
        "is_show": 1,
        "is_helpsale": 0,
        "helpsale_id": null,
        "helpsale_express_way": null,
        "helpsale_expired_time": null,
        "helpsale_lowest_trade_price": null,
        "helpsale_note": null,
        "helpsale_small_topic_count": null,
        "self_topic_id": null,
        "is_someone_helpsale": null,
        "lowest_trade_price": 10,
        "red_packet": "OPEN",
        "topic_from_id": "ec39b1fa03474f409a46fbc0cc7a5e3c",
        "has_anybody_booked": true,
        "bill_after_hours": null,
        "product_id": "1cbcc5c5a12a4098b81bc28e9af102de",
        "postage_template_id": "globalfree012345543210globalfree",
        "postage_template_sub_type": "GLOBAL_FREE",
        "postage_template_config_snap": "",
        "min_commission_rate": null,
        "max_commission_rate": null,
        "marketer_status": null,
        "isolated": null,
        "isolate_info": null,
        "can_operation": null,
        "marketer_role": null,
        "marketing_status": null,
        "identity_on": null,
        "sku_on": null,
        "identity": null,
        "share_pic": null
    }
}
https://api2.mywhfz.com/pms-api/topic/c-topic/detail?topic_id=8d1b82a3724a46dd8ae802ac04357609&mode=VIEW
断言规则:{"20000":"$.code1","20000te":"$.code1"}
执行结果:CaseResultVO(id=null, caseGroupId=1, caseId=82, url=https://api2.mywhfz.com/pms-api/topic/c-topic/detail?topic_id=8d1b82a3724a46dd8ae802ac04357609&mode=VIEW, path=null, header=Access-Token: 3gF6nzax_R8qAouEjHWf0NORQvzE84cg
X-Requested-With: XMLHttpRequest
Connection: keep-alive
content-type: application/json; charset=UTF-8
Accept-Encoding: gzip, deflate, br
App-Identifier: 3f95b1c86e394d92b09f50d13fe39a13
Msg-Id: mp-66EEC750A6E6FA27
, method=GET, data=null, responseResult={
    "code": 20000,
    "message": "success",
    "data": {
        "topic_id": "8d1b82a3724a46dd8ae802ac04357609",
        "author_id": "b921d7a29efea1f4cc2fead25a5b9a26",
        "author_name": "yi",
        "author_head_url": "https://imgcdn.mywhfz.com/avatars/1cbcc5c5a12a4098b81bc28e9af102de/b1b7417b220c0431f10ca0e8d735014f",
        "author_phone": "15679483383",
        "cover": "https://staticcdn.mywhfz.com/s/image/766BF82A136C6FF9.jpg",
        "watermark_cover": "https://staticcdn.mywhfz.com/ms_tool/watermark/16139635036263b2230b35fd94fde86a2db3e6fcd5c1c.jpg",
        "multi_watermark_cover": "{\"normal\":\"https:\\/\\/staticcdn.mywhfz.com\\/ms_tool\\/watermark\\/1613963502467beac0027f1c4491b86cb5ffbe831c06f.jpg\",\"red_packet\":\"https:\\/\\/staticcdn.mywhfz.com\\/ms_tool\\/watermark\\/1613963503018f5e0191444274d2caabf550d1b74da27.jpg\",\"marketing\":\"https:\\/\\/staticcdn.mywhfz.com\\/ms_tool\\/watermark\\/16139635032193a72f3d259db4eb3bbce862a4a9133fe.jpg\",\"copy_topic\":\"https:\\/\\/staticcdn.mywhfz.com\\/ms_tool\\/watermark\\/1613963503432ebd001217f3549448b336e9fb0727a1f.jpg\"}",
        "has_video": 0,
        "subject": "oms系统",
        "content": "",
        "resources": [],
        "start_at": "2021-02-05 14:25:00",
        "notice": 1,
        "expired_time": "2021-02-26 11:12:00",
        "price": 0,
        "need_pay": 1,
        "status": "OFFLINE",
        "review_status": "SUCCEEDED",
        "created_at": "2021-02-05 14:25:38",
        "updated_at": "2021-02-26 11:16:00",
        "view_number": 0,
        "booking_number": 2,
        "express_way": "EXPRESS_DELIVERY",
        "privacy": "OPEN",
        "additional_info": {
            "contact": 1,
            "phone": 1,
            "address": 1
        },
        "contact": 1,
        "phone": 1,
        "address": 1,
        "is_copy": 1,
        "is_copy_resource": 1,
        "minimum_price": 200,
        "maximum_price": 2000,
        "topic_type": "COMMON_TOPIC",
        "is_show": 1,
        "is_helpsale": 0,
        "helpsale_id": null,
        "helpsale_express_way": null,
        "helpsale_expired_time": null,
        "helpsale_lowest_trade_price": null,
        "helpsale_note": null,
        "helpsale_small_topic_count": null,
        "self_topic_id": null,
        "is_someone_helpsale": null,
        "lowest_trade_price": 10,
        "red_packet": "OPEN",
        "topic_from_id": "ec39b1fa03474f409a46fbc0cc7a5e3c",
        "has_anybody_booked": true,
        "bill_after_hours": null,
        "product_id": "1cbcc5c5a12a4098b81bc28e9af102de",
        "postage_template_id": "globalfree012345543210globalfree",
        "postage_template_sub_type": "GLOBAL_FREE",
        "postage_template_config_snap": "",
        "min_commission_rate": null,
        "max_commission_rate": null,
        "marketer_status": null,
        "isolated": null,
        "isolate_info": null,
        "can_operation": null,
        "marketer_role": null,
        "marketing_status": null,
        "identity_on": null,
        "sku_on": null,
        "identity": null,
        "share_pic": null
    }
}, assertResult=null, extractResult=null, userDefineParameters=null, deleteFlag=null, recordDate=null, createdAt=null, createdBy=null, updatedAt=null, updatedBy=null, HttpStatusCode=200)
{token=3gF6nzax_R8qAouEjHWf0NORQvzE84cg}
{
    "code": 20000,
    "message": "success",
    "data": [
        {
            "booking_id": "860d5c03efba4343b91bdf639584dda0",
            "resource_id": "8d1b82a3724a46dd8ae802ac04357609",
            "resource_type": "TOPIC",
            "resource_subject": "oms系统",
            "resource_cover": "https://staticcdn.mywhfz.com/s/image/766BF82A136C6FF9.jpg",
            "resource_watermark_cover": "https://staticcdn.mywhfz.com/ms_tool/watermark/1612506355011ab82b2eb66904a1a96e1dcbd0da4305c.jpg",
            "resource_red_packet_watermark_cover": "https://staticcdn.mywhfz.com/ms_tool/watermark/1612506345868f2bd0028815043c5a14469d39073fdcd.jpg",
            "owner_id": "b921d7a29efea1f4cc2fead25a5b9a26",
            "owner_name": null,
            "owner_head_url": null,
            "owner_phone": null,
            "booker_id": "b921d7a29efea1f4cc2fead25a5b9a26",
            "booker_name": "yi",
            "booker_anonymous_name": "****",
            "booker_head_url": "https://imgcdn.mywhfz.com/avatars/1cbcc5c5a12a4098b81bc28e9af102de/b1b7417b220c0431f10ca0e8d735014f",
            "booker_anonymous_head_url": "https://staticcdn.mywhfz.com/anonymous_avatars/31.png",
            "booker_phone": "15679483383",
            "skus_snap": [
                {
                    "goods_sku_id": "ea83f04792f44be093d653901197db13",
                    "goods_sku_name": "吗丁啉",
                    "count": 1,
                    "price": 0,
                    "cover": "https://staticcdn.mywhfz.com/s/image/766BF82A136C6FF9.jpg",
                    "specification": "",
                    "barcode": "692215600582",
                    "refunded_count": 0,
                    "refunded_price": 0,
                    "mark_price": 0
                },
                {
                    "goods_sku_id": "49a8193ed4fa4920b7f03528534dad3a",
                    "goods_sku_name": "测试纸",
                    "count": 1,
                    "price": 0,
                    "cover": "https://staticcdn.mywhfz.com/s/image/354D1A9ECCB69F1E.jpg",
                    "specification": "",
                    "barcode": "D6901236341582",
                    "refunded_count": 0,
                    "refunded_price": 0,
                    "mark_price": 0
                }
            ],
            "content": "",
            "name": "邱晶平",
            "address": "浙江省丽水市市辖区新上海市上海市杨浦区中化道达尔周家嘴路加油站(上海市杨浦区)",
            "user_address_id": "a534cd261b7948f792cbc5d103da8ba0",
            "pickup_site_id": "",
            "pickup_site_name": "",
            "pickup_site_phone": "",
            "pickup_site_contact": "",
            "pickup_site_address": "",
            "express_way": "EXPRESS_DELIVERY",
            "seller_note": "",
            "cancel_status": "",
            "cancel_record_date": "9999-01-01",
            "cancel_at": "9999-01-01 00:00:00",
            "refund_status": "",
            "refunded_amount": 0,
            "refunding_amount": 0,
            "count": 0,
            "sequence": 2,
            "orginal_price": 0,
            "price": 0,
            "red_packet": 0,
            "commission": 0,
            "service_charge": 0,
            "refunded_red_packet": 0,
            "refunded_commission": 0,
            "refunded_service_charge": 0,
            "refunded_postage": 0,
            "commission_status": null,
            "refunded_commission_status": null,
            "business_manager_id": "",
            "status": "SUCCEEDED",
            "reverse_status": "",
            "order_number": "APM20210205142906109593",
            "red_packet_group_id": "",
            "is_settlement": "0",
            "sync_from_order_service": 1,
            "payment_status": "SUCCEEDED",
            "pay_info": null,
            "booking_express": null,
            "booking_sku_items": null,
            "created_at": "2021-02-05 14:29:06",
            "topic_type": "COMMON_TOPIC",
            "postage": 0,
            "marketer_id": "b921d7a29efea1f4cc2fead25a5b9a26",
            "isolated": null,
            "isolate_info": null
        },
        {
            "booking_id": "ce87a2dfb03c4dcb9f83e84445a6fbaf",
            "resource_id": "8d1b82a3724a46dd8ae802ac04357609",
            "resource_type": "TOPIC",
            "resource_subject": "oms系统",
            "resource_cover": "https://staticcdn.mywhfz.com/s/image/766BF82A136C6FF9.jpg",
            "resource_watermark_cover": "https://staticcdn.mywhfz.com/ms_tool/watermark/16125063465000a288aaf38d74cbfaef459f588552b3b.jpg",
            "resource_red_packet_watermark_cover": "https://staticcdn.mywhfz.com/ms_tool/watermark/1612506345868f2bd0028815043c5a14469d39073fdcd.jpg",
            "owner_id": "b921d7a29efea1f4cc2fead25a5b9a26",
            "owner_name": null,
            "owner_head_url": null,
            "owner_phone": null,
            "booker_id": "b921d7a29efea1f4cc2fead25a5b9a26",
            "booker_name": "yi",
            "booker_anonymous_name": "****",
            "booker_head_url": "https://imgcdn.mywhfz.com/avatars/1cbcc5c5a12a4098b81bc28e9af102de/b1b7417b220c0431f10ca0e8d735014f",
            "booker_anonymous_head_url": "https://staticcdn.mywhfz.com/anonymous_avatars/31.png",
            "booker_phone": "15679483383",
            "skus_snap": [
                {
                    "goods_sku_id": "ea83f04792f44be093d653901197db13",
                    "goods_sku_name": "吗丁啉",
                    "count": 4,
                    "price": 0,
                    "cover": "https://staticcdn.mywhfz.com/s/image/766BF82A136C6FF9.jpg",
                    "specification": "",
                    "barcode": "692215600582",
                    "refunded_count": 0,
                    "refunded_price": 0,
                    "mark_price": 0
                }
            ],
            "content": "",
            "name": "邱晶平",
            "address": "浙江省丽水市市辖区上海市上海市杨浦区中化道达尔周家嘴路加油站(上海市杨浦区)",
            "user_address_id": "a534cd261b7948f792cbc5d103da8ba0",
            "pickup_site_id": "",
            "pickup_site_name": "",
            "pickup_site_phone": "",
            "pickup_site_contact": "",
            "pickup_site_address": "",
            "express_way": "EXPRESS_DELIVERY",
            "seller_note": "",
            "cancel_status": "",
            "cancel_record_date": "9999-01-01",
            "cancel_at": "9999-01-01 00:00:00",
            "refund_status": "",
            "refunded_amount": 0,
            "refunding_amount": 0,
            "count": 0,
            "sequence": 1,
            "orginal_price": 0,
            "price": 0,
            "red_packet": 0,
            "commission": 0,
            "service_charge": 0,
            "refunded_red_packet": 0,
            "refunded_commission": 0,
            "refunded_service_charge": 0,
            "refunded_postage": 0,
            "commission_status": null,
            "refunded_commission_status": null,
            "business_manager_id": "",
            "status": "SUCCEEDED",
            "reverse_status": "",
            "order_number": "APM20210205142554648782",
            "red_packet_group_id": "",
            "is_settlement": "0",
            "sync_from_order_service": 1,
            "payment_status": "SUCCEEDED",
            "pay_info": null,
            "booking_express": null,
            "booking_sku_items": null,
            "created_at": "2021-02-05 14:25:54",
            "topic_type": "COMMON_TOPIC",
            "postage": 0,
            "marketer_id": "b921d7a29efea1f4cc2fead25a5b9a26",
            "isolated": null,
            "isolate_info": null
        }
    ]
}
https://api2.mywhfz.com/pms-api/topic/c-booking/owner-topic-bookings?keyword=&goods_sku_ids=&page=1&limit=10&remark=0&pickup_site_id=&topic_id=8d1b82a3724a46dd8ae802ac04357609
执行结果:CaseResultVO(id=null, caseGroupId=null, caseId=83, url=https://api2.mywhfz.com/pms-api/topic/c-booking/owner-topic-bookings?keyword=&goods_sku_ids=&page=1&limit=10&remark=0&pickup_site_id=&topic_id=8d1b82a3724a46dd8ae802ac04357609, path=null, header=Access-Token: 3gF6nzax_R8qAouEjHWf0NORQvzE84cg
X-Requested-With: XMLHttpRequest
Connection: keep-alive
content-type: application/json; charset=UTF-8
Accept-Encoding: gzip, deflate, br
App-Identifier: 3f95b1c86e394d92b09f50d13fe39a13
Msg-Id: mp-66EEC750A6E6FA27
, method=GET, data=null, responseResult={
    "code": 20000,
    "message": "success",
    "data": [
        {
            "booking_id": "860d5c03efba4343b91bdf639584dda0",
            "resource_id": "8d1b82a3724a46dd8ae802ac04357609",
            "resource_type": "TOPIC",
            "resource_subject": "oms系统",
            "resource_cover": "https://staticcdn.mywhfz.com/s/image/766BF82A136C6FF9.jpg",
            "resource_watermark_cover": "https://staticcdn.mywhfz.com/ms_tool/watermark/1612506355011ab82b2eb66904a1a96e1dcbd0da4305c.jpg",
            "resource_red_packet_watermark_cover": "https://staticcdn.mywhfz.com/ms_tool/watermark/1612506345868f2bd0028815043c5a14469d39073fdcd.jpg",
            "owner_id": "b921d7a29efea1f4cc2fead25a5b9a26",
            "owner_name": null,
            "owner_head_url": null,
            "owner_phone": null,
            "booker_id": "b921d7a29efea1f4cc2fead25a5b9a26",
            "booker_name": "yi",
            "booker_anonymous_name": "****",
            "booker_head_url": "https://imgcdn.mywhfz.com/avatars/1cbcc5c5a12a4098b81bc28e9af102de/b1b7417b220c0431f10ca0e8d735014f",
            "booker_anonymous_head_url": "https://staticcdn.mywhfz.com/anonymous_avatars/31.png",
            "booker_phone": "15679483383",
            "skus_snap": [
                {
                    "goods_sku_id": "ea83f04792f44be093d653901197db13",
                    "goods_sku_name": "吗丁啉",
                    "count": 1,
                    "price": 0,
                    "cover": "https://staticcdn.mywhfz.com/s/image/766BF82A136C6FF9.jpg",
                    "specification": "",
                    "barcode": "692215600582",
                    "refunded_count": 0,
                    "refunded_price": 0,
                    "mark_price": 0
                },
                {
                    "goods_sku_id": "49a8193ed4fa4920b7f03528534dad3a",
                    "goods_sku_name": "测试纸",
                    "count": 1,
                    "price": 0,
                    "cover": "https://staticcdn.mywhfz.com/s/image/354D1A9ECCB69F1E.jpg",
                    "specification": "",
                    "barcode": "D6901236341582",
                    "refunded_count": 0,
                    "refunded_price": 0,
                    "mark_price": 0
                }
            ],
            "content": "",
            "name": "邱晶平",
            "address": "浙江省丽水市市辖区新上海市上海市杨浦区中化道达尔周家嘴路加油站(上海市杨浦区)",
            "user_address_id": "a534cd261b7948f792cbc5d103da8ba0",
            "pickup_site_id": "",
            "pickup_site_name": "",
            "pickup_site_phone": "",
            "pickup_site_contact": "",
            "pickup_site_address": "",
            "express_way": "EXPRESS_DELIVERY",
            "seller_note": "",
            "cancel_status": "",
            "cancel_record_date": "9999-01-01",
            "cancel_at": "9999-01-01 00:00:00",
            "refund_status": "",
            "refunded_amount": 0,
            "refunding_amount": 0,
            "count": 0,
            "sequence": 2,
            "orginal_price": 0,
            "price": 0,
            "red_packet": 0,
            "commission": 0,
            "service_charge": 0,
            "refunded_red_packet": 0,
            "refunded_commission": 0,
            "refunded_service_charge": 0,
            "refunded_postage": 0,
            "commission_status": null,
            "refunded_commission_status": null,
            "business_manager_id": "",
            "status": "SUCCEEDED",
            "reverse_status": "",
            "order_number": "APM20210205142906109593",
            "red_packet_group_id": "",
            "is_settlement": "0",
            "sync_from_order_service": 1,
            "payment_status": "SUCCEEDED",
            "pay_info": null,
            "booking_express": null,
            "booking_sku_items": null,
            "created_at": "2021-02-05 14:29:06",
            "topic_type": "COMMON_TOPIC",
            "postage": 0,
            "marketer_id": "b921d7a29efea1f4cc2fead25a5b9a26",
            "isolated": null,
            "isolate_info": null
        },
        {
            "booking_id": "ce87a2dfb03c4dcb9f83e84445a6fbaf",
            "resource_id": "8d1b82a3724a46dd8ae802ac04357609",
            "resource_type": "TOPIC",
            "resource_subject": "oms系统",
            "resource_cover": "https://staticcdn.mywhfz.com/s/image/766BF82A136C6FF9.jpg",
            "resource_watermark_cover": "https://staticcdn.mywhfz.com/ms_tool/watermark/16125063465000a288aaf38d74cbfaef459f588552b3b.jpg",
            "resource_red_packet_watermark_cover": "https://staticcdn.mywhfz.com/ms_tool/watermark/1612506345868f2bd0028815043c5a14469d39073fdcd.jpg",
            "owner_id": "b921d7a29efea1f4cc2fead25a5b9a26",
            "owner_name": null,
            "owner_head_url": null,
            "owner_phone": null,
            "booker_id": "b921d7a29efea1f4cc2fead25a5b9a26",
            "booker_name": "yi",
            "booker_anonymous_name": "****",
            "booker_head_url": "https://imgcdn.mywhfz.com/avatars/1cbcc5c5a12a4098b81bc28e9af102de/b1b7417b220c0431f10ca0e8d735014f",
            "booker_anonymous_head_url": "https://staticcdn.mywhfz.com/anonymous_avatars/31.png",
            "booker_phone": "15679483383",
            "skus_snap": [
                {
                    "goods_sku_id": "ea83f04792f44be093d653901197db13",
                    "goods_sku_name": "吗丁啉",
                    "count": 4,
                    "price": 0,
                    "cover": "https://staticcdn.mywhfz.com/s/image/766BF82A136C6FF9.jpg",
                    "specification": "",
                    "barcode": "692215600582",
                    "refunded_count": 0,
                    "refunded_price": 0,
                    "mark_price": 0
                }
            ],
            "content": "",
            "name": "邱晶平",
            "address": "浙江省丽水市市辖区上海市上海市杨浦区中化道达尔周家嘴路加油站(上海市杨浦区)",
            "user_address_id": "a534cd261b7948f792cbc5d103da8ba0",
            "pickup_site_id": "",
            "pickup_site_name": "",
            "pickup_site_phone": "",
            "pickup_site_contact": "",
            "pickup_site_address": "",
            "express_way": "EXPRESS_DELIVERY",
            "seller_note": "",
            "cancel_status": "",
            "cancel_record_date": "9999-01-01",
            "cancel_at": "9999-01-01 00:00:00",
            "refund_status": "",
            "refunded_amount": 0,
            "refunding_amount": 0,
            "count": 0,
            "sequence": 1,
            "orginal_price": 0,
            "price": 0,
            "red_packet": 0,
            "commission": 0,
            "service_charge": 0,
            "refunded_red_packet": 0,
            "refunded_commission": 0,
            "refunded_service_charge": 0,
            "refunded_postage": 0,
            "commission_status": null,
            "refunded_commission_status": null,
            "business_manager_id": "",
            "status": "SUCCEEDED",
            "reverse_status": "",
            "order_number": "APM20210205142554648782",
            "red_packet_group_id": "",
            "is_settlement": "0",
            "sync_from_order_service": 1,
            "payment_status": "SUCCEEDED",
            "pay_info": null,
            "booking_express": null,
            "booking_sku_items": null,
            "created_at": "2021-02-05 14:25:54",
            "topic_type": "COMMON_TOPIC",
            "postage": 0,
            "marketer_id": "b921d7a29efea1f4cc2fead25a5b9a26",
            "isolated": null,
            "isolate_info": null
        }
    ]
}, assertResult=null, extractResult=null, userDefineParameters=null, deleteFlag=null, recordDate=null, createdAt=null, createdBy=null, updatedAt=null, updatedBy=null, HttpStatusCode=200)
{token=3gF6nzax_R8qAouEjHWf0NORQvzE84cg}
{token=3gF6nzax_R8qAouEjHWf0NORQvzE84cg}
{
    "name": "PHP Notice",
    "message": "Trying to get property of non-object",
    "code": 8,
    "type": "yii\\base\\ErrorException",
    "file": "/srv/pms-topic/src/backend/modules/topic/services/BookingService.php",
    "line": 1568,
    "stack-trace": [
        "#0 /srv/pms-topic/src/backend/modules/topic/services/BookingService.php(1568): yii\\base\\ErrorHandler->handleError(8, 'Trying to get p...', '/srv/pms-topic/...', 1568, Array)",
        "#1 /srv/pms-topic/src/backend/modules/topic/controllers/CBookingController.php(201): backend\\modules\\topic\\services\\BookingService->getBookingDetail('${booking_id}', '1cbcc5c5a12a409...')",
        "#2 [internal function]: backend\\modules\\topic\\controllers\\CBookingController->actionGetBookingDetail()",
        "#3 /srv/pms-topic/src/vendor/yiisoft/yii2/base/InlineAction.php(57): call_user_func_array(Array, Array)",
        "#4 /srv/pms-topic/src/vendor/yiisoft/yii2/base/Controller.php(157): yii\\base\\InlineAction->runWithParams(Array)",
        "#5 /srv/pms-topic/src/vendor/yiisoft/yii2/base/Module.php(528): yii\\base\\Controller->runAction('get-booking-det...', Array)",
        "#6 /srv/pms-topic/src/vendor/yiisoft/yii2/web/Application.php(103): yii\\base\\Module->runAction('topic/c-booking...', Array)",
        "#7 /srv/pms-topic/src/vendor/yiisoft/yii2/base/Application.php(386): yii\\web\\Application->handleRequest(Object(yii\\web\\Request))",
        "#8 /srv/pms-topic/src/backend/web/index.php(19): yii\\base\\Application->run()",
        "#9 {main}"
    ]
}
https://api2.mywhfz.com/pms-api/topic/c-booking/get-booking-detail?booking_id=${booking_id}
执行结果:CaseResultVO(id=null, caseGroupId=null, caseId=84, url=https://api2.mywhfz.com/pms-api/topic/c-booking/get-booking-detail?booking_id=${booking_id}, path=null, header=Access-Token: 3gF6nzax_R8qAouEjHWf0NORQvzE84cg
X-Requested-With: XMLHttpRequest
Connection: keep-alive
content-type: application/json; charset=UTF-8
Accept-Encoding: gzip, deflate, br
App-Identifier: 3f95b1c86e394d92b09f50d13fe39a13
Msg-Id: mp-66EEC750A6E6FA27
, method=GET, data=null, responseResult={
    "name": "PHP Notice",
    "message": "Trying to get property of non-object",
    "code": 8,
    "type": "yii\\base\\ErrorException",
    "file": "/srv/pms-topic/src/backend/modules/topic/services/BookingService.php",
    "line": 1568,
    "stack-trace": [
        "#0 /srv/pms-topic/src/backend/modules/topic/services/BookingService.php(1568): yii\\base\\ErrorHandler->handleError(8, 'Trying to get p...', '/srv/pms-topic/...', 1568, Array)",
        "#1 /srv/pms-topic/src/backend/modules/topic/controllers/CBookingController.php(201): backend\\modules\\topic\\services\\BookingService->getBookingDetail('${booking_id}', '1cbcc5c5a12a409...')",
        "#2 [internal function]: backend\\modules\\topic\\controllers\\CBookingController->actionGetBookingDetail()",
        "#3 /srv/pms-topic/src/vendor/yiisoft/yii2/base/InlineAction.php(57): call_user_func_array(Array, Array)",
        "#4 /srv/pms-topic/src/vendor/yiisoft/yii2/base/Controller.php(157): yii\\base\\InlineAction->runWithParams(Array)",
        "#5 /srv/pms-topic/src/vendor/yiisoft/yii2/base/Module.php(528): yii\\base\\Controller->runAction('get-booking-det...', Array)",
        "#6 /srv/pms-topic/src/vendor/yiisoft/yii2/web/Application.php(103): yii\\base\\Module->runAction('topic/c-booking...', Array)",
        "#7 /srv/pms-topic/src/vendor/yiisoft/yii2/base/Application.php(386): yii\\web\\Application->handleRequest(Object(yii\\web\\Request))",
        "#8 /srv/pms-topic/src/backend/web/index.php(19): yii\\base\\Application->run()",
        "#9 {main}"
    ]
}, assertResult=null, extractResult=null, userDefineParameters=null, deleteFlag=null, recordDate=null, createdAt=null, createdBy=null, updatedAt=null, updatedBy=null, HttpStatusCode=500)
执行结果:[CaseResultVO(id=null, caseGroupId=1, caseId=82, url=https://api2.mywhfz.com/pms-api/topic/c-topic/detail?topic_id=8d1b82a3724a46dd8ae802ac04357609&mode=VIEW, path=null, header=Access-Token: 3gF6nzax_R8qAouEjHWf0NORQvzE84cg
X-Requested-With: XMLHttpRequest
Connection: keep-alive
content-type: application/json; charset=UTF-8
Accept-Encoding: gzip, deflate, br
App-Identifier: 3f95b1c86e394d92b09f50d13fe39a13
Msg-Id: mp-66EEC750A6E6FA27
, method=GET, data=null, responseResult={
    "code": 20000,
    "message": "success",
    "data": {
        "topic_id": "8d1b82a3724a46dd8ae802ac04357609",
        "author_id": "b921d7a29efea1f4cc2fead25a5b9a26",
        "author_name": "yi",
        "author_head_url": "https://imgcdn.mywhfz.com/avatars/1cbcc5c5a12a4098b81bc28e9af102de/b1b7417b220c0431f10ca0e8d735014f",
        "author_phone": "15679483383",
        "cover": "https://staticcdn.mywhfz.com/s/image/766BF82A136C6FF9.jpg",
        "watermark_cover": "https://staticcdn.mywhfz.com/ms_tool/watermark/16139635036263b2230b35fd94fde86a2db3e6fcd5c1c.jpg",
        "multi_watermark_cover": "{\"normal\":\"https:\\/\\/staticcdn.mywhfz.com\\/ms_tool\\/watermark\\/1613963502467beac0027f1c4491b86cb5ffbe831c06f.jpg\",\"red_packet\":\"https:\\/\\/staticcdn.mywhfz.com\\/ms_tool\\/watermark\\/1613963503018f5e0191444274d2caabf550d1b74da27.jpg\",\"marketing\":\"https:\\/\\/staticcdn.mywhfz.com\\/ms_tool\\/watermark\\/16139635032193a72f3d259db4eb3bbce862a4a9133fe.jpg\",\"copy_topic\":\"https:\\/\\/staticcdn.mywhfz.com\\/ms_tool\\/watermark\\/1613963503432ebd001217f3549448b336e9fb0727a1f.jpg\"}",
        "has_video": 0,
        "subject": "oms系统",
        "content": "",
        "resources": [],
        "start_at": "2021-02-05 14:25:00",
        "notice": 1,
        "expired_time": "2021-02-26 11:12:00",
        "price": 0,
        "need_pay": 1,
        "status": "OFFLINE",
        "review_status": "SUCCEEDED",
        "created_at": "2021-02-05 14:25:38",
        "updated_at": "2021-02-26 11:16:00",
        "view_number": 0,
        "booking_number": 2,
        "express_way": "EXPRESS_DELIVERY",
        "privacy": "OPEN",
        "additional_info": {
            "contact": 1,
            "phone": 1,
            "address": 1
        },
        "contact": 1,
        "phone": 1,
        "address": 1,
        "is_copy": 1,
        "is_copy_resource": 1,
        "minimum_price": 200,
        "maximum_price": 2000,
        "topic_type": "COMMON_TOPIC",
        "is_show": 1,
        "is_helpsale": 0,
        "helpsale_id": null,
        "helpsale_express_way": null,
        "helpsale_expired_time": null,
        "helpsale_lowest_trade_price": null,
        "helpsale_note": null,
        "helpsale_small_topic_count": null,
        "self_topic_id": null,
        "is_someone_helpsale": null,
        "lowest_trade_price": 10,
        "red_packet": "OPEN",
        "topic_from_id": "ec39b1fa03474f409a46fbc0cc7a5e3c",
        "has_anybody_booked": true,
        "bill_after_hours": null,
        "product_id": "1cbcc5c5a12a4098b81bc28e9af102de",
        "postage_template_id": "globalfree012345543210globalfree",
        "postage_template_sub_type": "GLOBAL_FREE",
        "postage_template_config_snap": "",
        "min_commission_rate": null,
        "max_commission_rate": null,
        "marketer_status": null,
        "isolated": null,
        "isolate_info": null,
        "can_operation": null,
        "marketer_role": null,
        "marketing_status": null,
        "identity_on": null,
        "sku_on": null,
        "identity": null,
        "share_pic": null
    }
}, assertResult=null, extractResult=null, userDefineParameters=null, deleteFlag=null, recordDate=null, createdAt=null, createdBy=null, updatedAt=null, updatedBy=null, HttpStatusCode=200), CaseResultVO(id=null, caseGroupId=null, caseId=83, url=https://api2.mywhfz.com/pms-api/topic/c-booking/owner-topic-bookings?keyword=&goods_sku_ids=&page=1&limit=10&remark=0&pickup_site_id=&topic_id=8d1b82a3724a46dd8ae802ac04357609, path=null, header=Access-Token: 3gF6nzax_R8qAouEjHWf0NORQvzE84cg
X-Requested-With: XMLHttpRequest
Connection: keep-alive
content-type: application/json; charset=UTF-8
Accept-Encoding: gzip, deflate, br
App-Identifier: 3f95b1c86e394d92b09f50d13fe39a13
Msg-Id: mp-66EEC750A6E6FA27
, method=GET, data=null, responseResult={
    "code": 20000,
    "message": "success",
    "data": [
        {
            "booking_id": "860d5c03efba4343b91bdf639584dda0",
            "resource_id": "8d1b82a3724a46dd8ae802ac04357609",
            "resource_type": "TOPIC",
            "resource_subject": "oms系统",
            "resource_cover": "https://staticcdn.mywhfz.com/s/image/766BF82A136C6FF9.jpg",
            "resource_watermark_cover": "https://staticcdn.mywhfz.com/ms_tool/watermark/1612506355011ab82b2eb66904a1a96e1dcbd0da4305c.jpg",
            "resource_red_packet_watermark_cover": "https://staticcdn.mywhfz.com/ms_tool/watermark/1612506345868f2bd0028815043c5a14469d39073fdcd.jpg",
            "owner_id": "b921d7a29efea1f4cc2fead25a5b9a26",
            "owner_name": null,
            "owner_head_url": null,
            "owner_phone": null,
            "booker_id": "b921d7a29efea1f4cc2fead25a5b9a26",
            "booker_name": "yi",
            "booker_anonymous_name": "****",
            "booker_head_url": "https://imgcdn.mywhfz.com/avatars/1cbcc5c5a12a4098b81bc28e9af102de/b1b7417b220c0431f10ca0e8d735014f",
            "booker_anonymous_head_url": "https://staticcdn.mywhfz.com/anonymous_avatars/31.png",
            "booker_phone": "15679483383",
            "skus_snap": [
                {
                    "goods_sku_id": "ea83f04792f44be093d653901197db13",
                    "goods_sku_name": "吗丁啉",
                    "count": 1,
                    "price": 0,
                    "cover": "https://staticcdn.mywhfz.com/s/image/766BF82A136C6FF9.jpg",
                    "specification": "",
                    "barcode": "692215600582",
                    "refunded_count": 0,
                    "refunded_price": 0,
                    "mark_price": 0
                },
                {
                    "goods_sku_id": "49a8193ed4fa4920b7f03528534dad3a",
                    "goods_sku_name": "测试纸",
                    "count": 1,
                    "price": 0,
                    "cover": "https://staticcdn.mywhfz.com/s/image/354D1A9ECCB69F1E.jpg",
                    "specification": "",
                    "barcode": "D6901236341582",
                    "refunded_count": 0,
                    "refunded_price": 0,
                    "mark_price": 0
                }
            ],
            "content": "",
            "name": "邱晶平",
            "address": "浙江省丽水市市辖区新上海市上海市杨浦区中化道达尔周家嘴路加油站(上海市杨浦区)",
            "user_address_id": "a534cd261b7948f792cbc5d103da8ba0",
            "pickup_site_id": "",
            "pickup_site_name": "",
            "pickup_site_phone": "",
            "pickup_site_contact": "",
            "pickup_site_address": "",
            "express_way": "EXPRESS_DELIVERY",
            "seller_note": "",
            "cancel_status": "",
            "cancel_record_date": "9999-01-01",
            "cancel_at": "9999-01-01 00:00:00",
            "refund_status": "",
            "refunded_amount": 0,
            "refunding_amount": 0,
            "count": 0,
            "sequence": 2,
            "orginal_price": 0,
            "price": 0,
            "red_packet": 0,
            "commission": 0,
            "service_charge": 0,
            "refunded_red_packet": 0,
            "refunded_commission": 0,
            "refunded_service_charge": 0,
            "refunded_postage": 0,
            "commission_status": null,
            "refunded_commission_status": null,
            "business_manager_id": "",
            "status": "SUCCEEDED",
            "reverse_status": "",
            "order_number": "APM20210205142906109593",
            "red_packet_group_id": "",
            "is_settlement": "0",
            "sync_from_order_service": 1,
            "payment_status": "SUCCEEDED",
            "pay_info": null,
            "booking_express": null,
            "booking_sku_items": null,
            "created_at": "2021-02-05 14:29:06",
            "topic_type": "COMMON_TOPIC",
            "postage": 0,
            "marketer_id": "b921d7a29efea1f4cc2fead25a5b9a26",
            "isolated": null,
            "isolate_info": null
        },
        {
            "booking_id": "ce87a2dfb03c4dcb9f83e84445a6fbaf",
            "resource_id": "8d1b82a3724a46dd8ae802ac04357609",
            "resource_type": "TOPIC",
            "resource_subject": "oms系统",
            "resource_cover": "https://staticcdn.mywhfz.com/s/image/766BF82A136C6FF9.jpg",
            "resource_watermark_cover": "https://staticcdn.mywhfz.com/ms_tool/watermark/16125063465000a288aaf38d74cbfaef459f588552b3b.jpg",
            "resource_red_packet_watermark_cover": "https://staticcdn.mywhfz.com/ms_tool/watermark/1612506345868f2bd0028815043c5a14469d39073fdcd.jpg",
            "owner_id": "b921d7a29efea1f4cc2fead25a5b9a26",
            "owner_name": null,
            "owner_head_url": null,
            "owner_phone": null,
            "booker_id": "b921d7a29efea1f4cc2fead25a5b9a26",
            "booker_name": "yi",
            "booker_anonymous_name": "****",
            "booker_head_url": "https://imgcdn.mywhfz.com/avatars/1cbcc5c5a12a4098b81bc28e9af102de/b1b7417b220c0431f10ca0e8d735014f",
            "booker_anonymous_head_url": "https://staticcdn.mywhfz.com/anonymous_avatars/31.png",
            "booker_phone": "15679483383",
            "skus_snap": [
                {
                    "goods_sku_id": "ea83f04792f44be093d653901197db13",
                    "goods_sku_name": "吗丁啉",
                    "count": 4,
                    "price": 0,
                    "cover": "https://staticcdn.mywhfz.com/s/image/766BF82A136C6FF9.jpg",
                    "specification": "",
                    "barcode": "692215600582",
                    "refunded_count": 0,
                    "refunded_price": 0,
                    "mark_price": 0
                }
            ],
            "content": "",
            "name": "邱晶平",
            "address": "浙江省丽水市市辖区上海市上海市杨浦区中化道达尔周家嘴路加油站(上海市杨浦区)",
            "user_address_id": "a534cd261b7948f792cbc5d103da8ba0",
            "pickup_site_id": "",
            "pickup_site_name": "",
            "pickup_site_phone": "",
            "pickup_site_contact": "",
            "pickup_site_address": "",
            "express_way": "EXPRESS_DELIVERY",
            "seller_note": "",
            "cancel_status": "",
            "cancel_record_date": "9999-01-01",
            "cancel_at": "9999-01-01 00:00:00",
            "refund_status": "",
            "refunded_amount": 0,
            "refunding_amount": 0,
            "count": 0,
            "sequence": 1,
            "orginal_price": 0,
            "price": 0,
            "red_packet": 0,
            "commission": 0,
            "service_charge": 0,
            "refunded_red_packet": 0,
            "refunded_commission": 0,
            "refunded_service_charge": 0,
            "refunded_postage": 0,
            "commission_status": null,
            "refunded_commission_status": null,
            "business_manager_id": "",
            "status": "SUCCEEDED",
            "reverse_status": "",
            "order_number": "APM20210205142554648782",
            "red_packet_group_id": "",
            "is_settlement": "0",
            "sync_from_order_service": 1,
            "payment_status": "SUCCEEDED",
            "pay_info": null,
            "booking_express": null,
            "booking_sku_items": null,
            "created_at": "2021-02-05 14:25:54",
            "topic_type": "COMMON_TOPIC",
            "postage": 0,
            "marketer_id": "b921d7a29efea1f4cc2fead25a5b9a26",
            "isolated": null,
            "isolate_info": null
        }
    ]
}, assertResult=null, extractResult=null, userDefineParameters=null, deleteFlag=null, recordDate=null, createdAt=null, createdBy=null, updatedAt=null, updatedBy=null, HttpStatusCode=200), CaseResultVO(id=null, caseGroupId=null, caseId=84, url=https://api2.mywhfz.com/pms-api/topic/c-booking/get-booking-detail?booking_id=${booking_id}, path=null, header=Access-Token: 3gF6nzax_R8qAouEjHWf0NORQvzE84cg
X-Requested-With: XMLHttpRequest
Connection: keep-alive
content-type: application/json; charset=UTF-8
Accept-Encoding: gzip, deflate, br
App-Identifier: 3f95b1c86e394d92b09f50d13fe39a13
Msg-Id: mp-66EEC750A6E6FA27
, method=GET, data=null, responseResult={
    "name": "PHP Notice",
    "message": "Trying to get property of non-object",
    "code": 8,
    "type": "yii\\base\\ErrorException",
    "file": "/srv/pms-topic/src/backend/modules/topic/services/BookingService.php",
    "line": 1568,
    "stack-trace": [
        "#0 /srv/pms-topic/src/backend/modules/topic/services/BookingService.php(1568): yii\\base\\ErrorHandler->handleError(8, 'Trying to get p...', '/srv/pms-topic/...', 1568, Array)",
        "#1 /srv/pms-topic/src/backend/modules/topic/controllers/CBookingController.php(201): backend\\modules\\topic\\services\\BookingService->getBookingDetail('${booking_id}', '1cbcc5c5a12a409...')",
        "#2 [internal function]: backend\\modules\\topic\\controllers\\CBookingController->actionGetBookingDetail()",
        "#3 /srv/pms-topic/src/vendor/yiisoft/yii2/base/InlineAction.php(57): call_user_func_array(Array, Array)",
        "#4 /srv/pms-topic/src/vendor/yiisoft/yii2/base/Controller.php(157): yii\\base\\InlineAction->runWithParams(Array)",
        "#5 /srv/pms-topic/src/vendor/yiisoft/yii2/base/Module.php(528): yii\\base\\Controller->runAction('get-booking-det...', Array)",
        "#6 /srv/pms-topic/src/vendor/yiisoft/yii2/web/Application.php(103): yii\\base\\Module->runAction('topic/c-booking...', Array)",
        "#7 /srv/pms-topic/src/vendor/yiisoft/yii2/base/Application.php(386): yii\\web\\Application->handleRequest(Object(yii\\web\\Request))",
        "#8 /srv/pms-topic/src/backend/web/index.php(19): yii\\base\\Application->run()",
        "#9 {main}"
    ]
}, assertResult=null, extractResult=null, userDefineParameters=null, deleteFlag=null, recordDate=null, createdAt=null, createdBy=null, updatedAt=null, updatedBy=null, HttpStatusCode=500)]
Failure in @ExceptionHandler cow.config.MsGlobalRestApiExceptionResolver#handleException(Exception)
org.apache.catalina.connector.ClientAbortException: java.io.IOException: 你的主机中的软件中止了一个已建立的连接。
	at org.apache.catalina.connector.OutputBuffer.doFlush(OutputBuffer.java:309)
	at org.apache.catalina.connector.OutputBuffer.flush(OutputBuffer.java:272)
	at org.apache.catalina.connector.CoyoteOutputStream.flush(CoyoteOutputStream.java:118)
	at java.io.FilterOutputStream.flush(FilterOutputStream.java:140)
	at com.fasterxml.jackson.core.json.UTF8JsonGenerator.flush(UTF8JsonGenerator.java:1178)
	at com.fasterxml.jackson.databind.ObjectWriter.writeValue(ObjectWriter.java:1008)
	at org.springframework.http.converter.json.AbstractJackson2HttpMessageConverter.writeInternal(AbstractJackson2HttpMessageConverter.java:345)
	at org.springframework.http.converter.AbstractGenericHttpMessageConverter.write(AbstractGenericHttpMessageConverter.java:104)
	at org.springframework.web.servlet.mvc.method.annotation.AbstractMessageConverterMethodProcessor.writeWithMessageConverters(AbstractMessageConverterMethodProcessor.java:277)
	at org.springframework.web.servlet.mvc.method.annotation.RequestResponseBodyMethodProcessor.handleReturnValue(RequestResponseBodyMethodProcessor.java:181)
	at org.springframework.web.method.support.HandlerMethodReturnValueHandlerComposite.handleReturnValue(HandlerMethodReturnValueHandlerComposite.java:78)
	at org.springframework.web.servlet.mvc.method.annotation.ServletInvocableHandlerMethod.invokeAndHandle(ServletInvocableHandlerMethod.java:124)
	at org.springframework.web.servlet.mvc.method.annotation.ExceptionHandlerExceptionResolver.doResolveHandlerMethodException(ExceptionHandlerExceptionResolver.java:428)
	at org.springframework.web.servlet.handler.AbstractHandlerMethodExceptionResolver.doResolveException(AbstractHandlerMethodExceptionResolver.java:75)
	at org.springframework.web.servlet.handler.AbstractHandlerExceptionResolver.resolveException(AbstractHandlerExceptionResolver.java:141)
	at org.springframework.web.servlet.handler.HandlerExceptionResolverComposite.resolveException(HandlerExceptionResolverComposite.java:80)
	at org.springframework.web.servlet.DispatcherServlet.processHandlerException(DispatcherServlet.java:1320)
	at org.springframework.web.servlet.DispatcherServlet.processDispatchResult(DispatcherServlet.java:1131)
	at org.springframework.web.servlet.DispatcherServlet.doDispatch(DispatcherServlet.java:1077)
	at org.springframework.web.servlet.DispatcherServlet.doService(DispatcherServlet.java:962)
	at org.springframework.web.servlet.FrameworkServlet.processRequest(FrameworkServlet.java:1006)
	at org.springframework.web.servlet.FrameworkServlet.doGet(FrameworkServlet.java:898)
	at javax.servlet.http.HttpServlet.service(HttpServlet.java:626)
	at org.springframework.web.servlet.FrameworkServlet.service(FrameworkServlet.java:883)
	at javax.servlet.http.HttpServlet.service(HttpServlet.java:733)
	at org.apache.catalina.core.ApplicationFilterChain.internalDoFilter(ApplicationFilterChain.java:231)
	at org.apache.catalina.core.ApplicationFilterChain.doFilter(ApplicationFilterChain.java:166)
	at org.apache.tomcat.websocket.server.WsFilter.doFilter(WsFilter.java:53)
	at org.apache.catalina.core.ApplicationFilterChain.internalDoFilter(ApplicationFilterChain.java:193)
	at org.apache.catalina.core.ApplicationFilterChain.doFilter(ApplicationFilterChain.java:166)
	at org.springframework.web.filter.CorsFilter.doFilterInternal(CorsFilter.java:91)
	at org.springframework.web.filter.OncePerRequestFilter.doFilter(OncePerRequestFilter.java:119)
	at org.apache.catalina.core.ApplicationFilterChain.internalDoFilter(ApplicationFilterChain.java:193)
	at org.apache.catalina.core.ApplicationFilterChain.doFilter(ApplicationFilterChain.java:166)
	at org.springframework.web.filter.RequestContextFilter.doFilterInternal(RequestContextFilter.java:100)
	at org.springframework.web.filter.OncePerRequestFilter.doFilter(OncePerRequestFilter.java:119)
	at org.apache.catalina.core.ApplicationFilterChain.internalDoFilter(ApplicationFilterChain.java:193)
	at org.apache.catalina.core.ApplicationFilterChain.doFilter(ApplicationFilterChain.java:166)
	at org.springframework.web.filter.FormContentFilter.doFilterInternal(FormContentFilter.java:93)
	at org.springframework.web.filter.OncePerRequestFilter.doFilter(OncePerRequestFilter.java:119)
	at org.apache.catalina.core.ApplicationFilterChain.internalDoFilter(ApplicationFilterChain.java:193)
	at org.apache.catalina.core.ApplicationFilterChain.doFilter(ApplicationFilterChain.java:166)
	at org.springframework.web.filter.CharacterEncodingFilter.doFilterInternal(CharacterEncodingFilter.java:201)
	at org.springframework.web.filter.OncePerRequestFilter.doFilter(OncePerRequestFilter.java:119)
	at org.apache.catalina.core.ApplicationFilterChain.internalDoFilter(ApplicationFilterChain.java:193)
	at org.apache.catalina.core.ApplicationFilterChain.doFilter(ApplicationFilterChain.java:166)
	at org.apache.catalina.core.StandardWrapperValve.invoke(StandardWrapperValve.java:202)
	at org.apache.catalina.core.StandardContextValve.invoke(StandardContextValve.java:97)
	at org.apache.catalina.authenticator.AuthenticatorBase.invoke(AuthenticatorBase.java:542)
	at org.apache.catalina.core.StandardHostValve.invoke(StandardHostValve.java:143)
	at org.apache.catalina.valves.ErrorReportValve.invoke(ErrorReportValve.java:92)
	at org.apache.catalina.core.StandardEngineValve.invoke(StandardEngineValve.java:78)
	at org.apache.catalina.connector.CoyoteAdapter.service(CoyoteAdapter.java:343)
	at org.apache.coyote.http11.Http11Processor.service(Http11Processor.java:374)
	at org.apache.coyote.AbstractProcessorLight.process(AbstractProcessorLight.java:65)
	at org.apache.coyote.AbstractProtocol$ConnectionHandler.process(AbstractProtocol.java:888)
	at org.apache.tomcat.util.net.NioEndpoint$SocketProcessor.doRun(NioEndpoint.java:1597)
	at org.apache.tomcat.util.net.SocketProcessorBase.run(SocketProcessorBase.java:49)
	at java.util.concurrent.ThreadPoolExecutor.runWorker(ThreadPoolExecutor.java:1149)
	at java.util.concurrent.ThreadPoolExecutor$Worker.run(ThreadPoolExecutor.java:624)
	at org.apache.tomcat.util.threads.TaskThread$WrappingRunnable.run(TaskThread.java:61)
	at java.lang.Thread.run(Thread.java:748)
Caused by: java.io.IOException: 你的主机中的软件中止了一个已建立的连接。
	at sun.nio.ch.SocketDispatcher.write0(Native Method)
	at sun.nio.ch.SocketDispatcher.write(SocketDispatcher.java:51)
	at sun.nio.ch.IOUtil.writeFromNativeBuffer(IOUtil.java:93)
	at sun.nio.ch.IOUtil.write(IOUtil.java:65)
	at sun.nio.ch.SocketChannelImpl.write(SocketChannelImpl.java:471)
	at org.apache.tomcat.util.net.NioChannel.write(NioChannel.java:138)
	at org.apache.tomcat.util.net.NioBlockingSelector.write(NioBlockingSelector.java:101)
	at org.apache.tomcat.util.net.NioSelectorPool.write(NioSelectorPool.java:152)
	at org.apache.tomcat.util.net.NioEndpoint$NioSocketWrapper.doWrite(NioEndpoint.java:1253)
	at org.apache.tomcat.util.net.SocketWrapperBase.doWrite(SocketWrapperBase.java:764)
	at org.apache.tomcat.util.net.SocketWrapperBase.flushBlocking(SocketWrapperBase.java:717)
	at org.apache.tomcat.util.net.SocketWrapperBase.flush(SocketWrapperBase.java:707)
	at org.apache.coyote.http11.Http11OutputBuffer$SocketOutputBuffer.flush(Http11OutputBuffer.java:572)
	at org.apache.coyote.http11.filters.ChunkedOutputFilter.flush(ChunkedOutputFilter.java:157)
	at org.apache.coyote.http11.Http11OutputBuffer.flush(Http11OutputBuffer.java:220)
	at org.apache.coyote.http11.Http11Processor.flush(Http11Processor.java:1195)
	at org.apache.coyote.AbstractProcessor.action(AbstractProcessor.java:402)
	at org.apache.coyote.Response.action(Response.java:209)
	at org.apache.catalina.connector.OutputBuffer.doFlush(OutputBuffer.java:305)
	... 61 common frames omitted
Shutting down ExecutorService 'applicationTaskExecutor'
HikariPool-1 - Shutdown initiated...
HikariPool-1 - Shutdown completed.
Starting CowApplication using Java 1.8.0_211 on qiujingping with PID 40736 (D:\cow\target\classes started by qiujingping in D:\cow)
No active profile set, falling back to default profiles: default
For Jackson Kotlin classes support please add "com.fasterxml.jackson.module:jackson-module-kotlin" to the classpath
Multiple Spring Data modules found, entering strict repository configuration mode!
Bootstrapping Spring Data Redis repositories in DEFAULT mode.
Finished Spring Data repository scanning in 29 ms. Found 0 Redis repository interfaces.
Tomcat initialized with port(s): 8080 (http)
Initializing ProtocolHandler ["http-nio-8080"]
Starting service [Tomcat]
Starting Servlet engine: [Apache Tomcat/9.0.41]
Initializing Spring embedded WebApplicationContext
Root WebApplicationContext: initialization completed in 1616 ms
HikariPool-1 - Starting...
HikariPool-1 - Start completed.
Initializing ExecutorService 'applicationTaskExecutor'
Flyway Community Edition 7.1.1 by Redgate
Database: jdbc:mysql://127.0.0.1/cow (MySQL 5.7)
Successfully validated 2 migrations (execution time 00:00.095s)
Current version of schema `cow`: 1.0.0.0.2
Schema `cow` is up to date. No migration necessary.
Starting ProtocolHandler ["http-nio-8080"]
Tomcat started on port(s): 8080 (http) with context path ''
Started CowApplication in 4.192 seconds (JVM running for 4.919)
