Initializing Spring DispatcherServlet 'dispatcherServlet'
Initializing Servlet 'dispatcherServlet'
Completed initialization in 15 ms
LoginQueryIDO(account=admin, password=admin)

                                      
@@@@@@@@@@@@@@@@@@@@@@@@@@@@@@@@@@@@@@
@@@@@@@@@@@@@@@@@@@@@@@@@@@@@@@@@@@@@@
@@@@@@@@@@@@@@@@  @@        @@@@@@@@@@
@@@@@@@@@@@@@@@@@@@@        @@@@@@@@@@
@@@@@@@@@@@@@@@@  @@  @@    @@@@@@@@@@
@@@@@@@@@@  @@@@  @@  @@    @@@@@@@@@@
@@@@@@@@@@        @@        @@@@@@@@@@
@@@@@@@@@@@@@@@@@@@@@@@@@@@@@@@@@@@@@@
@@@@@@@@@@@@@@@@@@@@@@@@@@@@@@@@@@@@@@
@@@@@@@@@@        @@        @@@@@@@@@@
@@@@@@@@@@    @@  @@  @@@@  @@@@@@@@@@
@@@@@@@@@@    @@  @@  @@@@  @@@@@@@@@@
@@@@@@@@@@        @@  @  @  @@@@@@@@@@
@@@@@@@@@@        @@        @@@@@@@@@@
@@@@@@@@@@@@@@@@@@@@@@@  @@@@@@@@@@@@@
@@@@@@@@@@@@@@@@@@@@@@@@@@@@@@@@@@@@@@
@@@@@@@@@@@@@@@@@@@@@@@@@@@@@@@@@@@@@@  Thank you for using jOOQ 3.14.4
                                      
UserAccountVO{id='1', userId='1', account='admin', password='admin', createdAt=2021-02-23T19:20:24.726, updatedAt=2021-02-23T19:20:24.726, recordDate=1000-01-01, createdBy='null', salt='null', status=true}
LoginQueryIDO(account=admin, password=111111)
UserAccountVO{id='1', userId='1', account='admin', password='admin', createdAt=2021-02-23T19:20:24.726, updatedAt=2021-02-23T19:20:24.726, recordDate=1000-01-01, createdBy='null', salt='null', status=true}
LoginQueryIDO(account=admin, password=admin)
UserAccountVO{id='1', userId='1', account='admin', password='admin', createdAt=2021-02-23T19:20:24.726, updatedAt=2021-02-23T19:20:24.726, recordDate=1000-01-01, createdBy='null', salt='null', status=true}
Starting CowApplication using Java 1.8.0_211 on qiujingping with PID 16196 (D:\cow\target\classes started by qiujingping in D:\cow)
No active profile set, falling back to default profiles: default
For Jackson Kotlin classes support please add "com.fasterxml.jackson.module:jackson-module-kotlin" to the classpath
Exception encountered during context initialization - cancelling refresh attempt: org.springframework.beans.factory.BeanDefinitionStoreException: Failed to parse configuration class [cow.CowApplication]; nested exception is java.io.FileNotFoundException: class path resource [cow/infrastructures/converter/CaseDetailconverter.class] cannot be opened because it does not exist
Starting CowApplication using Java 1.8.0_211 on qiujingping with PID 20528 (D:\cow\target\classes started by qiujingping in D:\cow)
No active profile set, falling back to default profiles: default
For Jackson Kotlin classes support please add "com.fasterxml.jackson.module:jackson-module-kotlin" to the classpath
Exception encountered during context initialization - cancelling refresh attempt: org.springframework.beans.factory.BeanDefinitionStoreException: Failed to parse configuration class [cow.CowApplication]; nested exception is java.io.FileNotFoundException: class path resource [cow/infrastructures/converter/CaseDetailconverter.class] cannot be opened because it does not exist
Starting CowApplication using Java 1.8.0_211 on qiujingping with PID 15940 (D:\cow\target\classes started by qiujingping in D:\cow)
No active profile set, falling back to default profiles: default
For Jackson Kotlin classes support please add "com.fasterxml.jackson.module:jackson-module-kotlin" to the classpath
Multiple Spring Data modules found, entering strict repository configuration mode!
Bootstrapping Spring Data Redis repositories in DEFAULT mode.
Finished Spring Data repository scanning in 35 ms. Found 0 Redis repository interfaces.
Tomcat initialized with port(s): 8080 (http)
Initializing ProtocolHandler ["http-nio-8080"]
Starting service [Tomcat]
Starting Servlet engine: [Apache Tomcat/9.0.41]
Initializing Spring embedded WebApplicationContext
Root WebApplicationContext: initialization completed in 2318 ms
HikariPool-1 - Starting...
HikariPool-1 - Start completed.
Initializing ExecutorService 'applicationTaskExecutor'
Flyway Community Edition 7.1.1 by Redgate
Database: jdbc:mysql://127.0.0.1/cow (MySQL 5.7)
Successfully validated 2 migrations (execution time 00:00.183s)
Current version of schema `cow`: 1.0.0.0.2
Schema `cow` is up to date. No migration necessary.
Starting ProtocolHandler ["http-nio-8080"]
Tomcat started on port(s): 8080 (http) with context path ''
Started CowApplication in 47.453 seconds (JVM running for 48.453)
Initializing Spring DispatcherServlet 'dispatcherServlet'
Initializing Servlet 'dispatcherServlet'
Completed initialization in 1 ms
【登录校验】没有token信息
Starting CowApplication using Java 1.8.0_211 on qiujingping with PID 18844 (D:\cow\target\classes started by qiujingping in D:\cow)
No active profile set, falling back to default profiles: default
For Jackson Kotlin classes support please add "com.fasterxml.jackson.module:jackson-module-kotlin" to the classpath
Multiple Spring Data modules found, entering strict repository configuration mode!
Bootstrapping Spring Data Redis repositories in DEFAULT mode.
Finished Spring Data repository scanning in 29 ms. Found 0 Redis repository interfaces.
Tomcat initialized with port(s): 8080 (http)
Initializing ProtocolHandler ["http-nio-8080"]
Starting service [Tomcat]
Starting Servlet engine: [Apache Tomcat/9.0.41]
Initializing Spring embedded WebApplicationContext
Root WebApplicationContext: initialization completed in 1719 ms
HikariPool-1 - Starting...
HikariPool-1 - Start completed.
Initializing ExecutorService 'applicationTaskExecutor'
Flyway Community Edition 7.1.1 by Redgate
Database: jdbc:mysql://127.0.0.1/cow (MySQL 5.7)
Successfully validated 2 migrations (execution time 00:00.033s)
Current version of schema `cow`: 1.0.0.0.2
Schema `cow` is up to date. No migration necessary.
Starting ProtocolHandler ["http-nio-8080"]
Tomcat started on port(s): 8080 (http) with context path ''
Started CowApplication in 4.386 seconds (JVM running for 4.811)
Initializing Spring DispatcherServlet 'dispatcherServlet'
Initializing Servlet 'dispatcherServlet'
Completed initialization in 1 ms

                                      
@@@@@@@@@@@@@@@@@@@@@@@@@@@@@@@@@@@@@@
@@@@@@@@@@@@@@@@@@@@@@@@@@@@@@@@@@@@@@
@@@@@@@@@@@@@@@@  @@        @@@@@@@@@@
@@@@@@@@@@@@@@@@@@@@        @@@@@@@@@@
@@@@@@@@@@@@@@@@  @@  @@    @@@@@@@@@@
@@@@@@@@@@  @@@@  @@  @@    @@@@@@@@@@
@@@@@@@@@@        @@        @@@@@@@@@@
@@@@@@@@@@@@@@@@@@@@@@@@@@@@@@@@@@@@@@
@@@@@@@@@@@@@@@@@@@@@@@@@@@@@@@@@@@@@@
@@@@@@@@@@        @@        @@@@@@@@@@
@@@@@@@@@@    @@  @@  @@@@  @@@@@@@@@@
@@@@@@@@@@    @@  @@  @@@@  @@@@@@@@@@
@@@@@@@@@@        @@  @  @  @@@@@@@@@@
@@@@@@@@@@        @@        @@@@@@@@@@
@@@@@@@@@@@@@@@@@@@@@@@  @@@@@@@@@@@@@
@@@@@@@@@@@@@@@@@@@@@@@@@@@@@@@@@@@@@@
@@@@@@@@@@@@@@@@@@@@@@@@@@@@@@@@@@@@@@  Thank you for using jOOQ 3.14.4
                                      
Starting CowApplication using Java 1.8.0_211 on qiujingping with PID 23044 (D:\cow\target\classes started by qiujingping in D:\cow)
No active profile set, falling back to default profiles: default
For Jackson Kotlin classes support please add "com.fasterxml.jackson.module:jackson-module-kotlin" to the classpath
Multiple Spring Data modules found, entering strict repository configuration mode!
Bootstrapping Spring Data Redis repositories in DEFAULT mode.
Finished Spring Data repository scanning in 35 ms. Found 0 Redis repository interfaces.
Tomcat initialized with port(s): 8080 (http)
Initializing ProtocolHandler ["http-nio-8080"]
Starting service [Tomcat]
Starting Servlet engine: [Apache Tomcat/9.0.41]
Initializing Spring embedded WebApplicationContext
Root WebApplicationContext: initialization completed in 1900 ms
HikariPool-1 - Starting...
HikariPool-1 - Start completed.
Initializing ExecutorService 'applicationTaskExecutor'
Flyway Community Edition 7.1.1 by Redgate
Database: jdbc:mysql://127.0.0.1/cow (MySQL 5.7)
Successfully validated 2 migrations (execution time 00:00.044s)
Current version of schema `cow`: 1.0.0.0.2
Schema `cow` is up to date. No migration necessary.
Starting ProtocolHandler ["http-nio-8080"]
Tomcat started on port(s): 8080 (http) with context path ''
Started CowApplication in 4.758 seconds (JVM running for 5.325)
Initializing Spring DispatcherServlet 'dispatcherServlet'
Initializing Servlet 'dispatcherServlet'
Completed initialization in 1 ms

                                      
@@@@@@@@@@@@@@@@@@@@@@@@@@@@@@@@@@@@@@
@@@@@@@@@@@@@@@@@@@@@@@@@@@@@@@@@@@@@@
@@@@@@@@@@@@@@@@  @@        @@@@@@@@@@
@@@@@@@@@@@@@@@@@@@@        @@@@@@@@@@
@@@@@@@@@@@@@@@@  @@  @@    @@@@@@@@@@
@@@@@@@@@@  @@@@  @@  @@    @@@@@@@@@@
@@@@@@@@@@        @@        @@@@@@@@@@
@@@@@@@@@@@@@@@@@@@@@@@@@@@@@@@@@@@@@@
@@@@@@@@@@@@@@@@@@@@@@@@@@@@@@@@@@@@@@
@@@@@@@@@@        @@        @@@@@@@@@@
@@@@@@@@@@    @@  @@  @@@@  @@@@@@@@@@
@@@@@@@@@@    @@  @@  @@@@  @@@@@@@@@@
@@@@@@@@@@        @@  @  @  @@@@@@@@@@
@@@@@@@@@@        @@        @@@@@@@@@@
@@@@@@@@@@@@@@@@@@@@@@@  @@@@@@@@@@@@@
@@@@@@@@@@@@@@@@@@@@@@@@@@@@@@@@@@@@@@
@@@@@@@@@@@@@@@@@@@@@@@@@@@@@@@@@@@@@@  Thank you for using jOOQ 3.14.4
                                      
